{
  "stats": {
    "suites": 1,
    "tests": 1,
    "passes": 1,
    "pending": 0,
    "failures": 0,
    "start": "2024-06-08T19:25:43.179Z",
    "end": "2024-06-08T19:25:44.519Z",
    "duration": 1340,
    "testsRegistered": 1,
    "passPercent": 100,
    "pendingPercent": 0,
    "other": 0,
    "hasOther": false,
    "skipped": 0,
    "hasSkipped": false
  },
  "results": [
    {
      "uuid": "9a1de432-24a5-49cc-894e-6e1d007fc2ec",
      "title": "",
      "fullFile": "cypress\\e2e\\api-mensagens.cy.js",
      "file": "cypress\\e2e\\api-mensagens.cy.js",
      "beforeHooks": [],
      "afterHooks": [],
      "tests": [],
      "suites": [
        {
          "uuid": "fe5faf7c-38a2-4f68-9f86-35b334ab8498",
          "title": "Api Adopet",
          "fullFile": "",
          "file": "",
          "beforeHooks": [],
          "afterHooks": [],
          "tests": [
            {
              "title": "Mensagens da API",
              "fullTitle": "Api Adopet Mensagens da API",
              "timedOut": null,
              "duration": 1293,
              "state": "passed",
              "speed": "fast",
              "pass": true,
              "fail": false,
              "pending": false,
              "context": null,
              "code": "cy.request({\n  method: 'GET',\n  url: 'https://adopet-api-i8qu.onrender.com/mensagem/25419b5c-f687-42d9-8008-b4b72730eb0e',\n  headers: Cypress.env()\n}).then(res => {\n  expect(res.status).to.be.equal(200);\n  expect(res.body).is.not.empty;\n  expect(res.body).to.have.property('msg');\n});",
              "err": {},
              "uuid": "d4b29992-5b1a-4dd5-ab65-39476aa5973f",
              "parentUUID": "fe5faf7c-38a2-4f68-9f86-35b334ab8498",
              "isHook": false,
              "skipped": false
            }
          ],
          "suites": [],
          "passes": [
            "d4b29992-5b1a-4dd5-ab65-39476aa5973f"
          ],
          "failures": [],
          "pending": [],
          "skipped": [],
          "duration": 1293,
          "root": false,
          "rootEmpty": false,
          "_timeout": 2000
        }
      ],
      "passes": [],
      "failures": [],
      "pending": [],
      "skipped": [],
      "duration": 0,
      "root": true,
      "rootEmpty": true,
      "_timeout": 2000
    }
  ],
  "meta": {
    "mocha": {
      "version": "7.0.1"
    },
    "mochawesome": {
      "options": {
        "quiet": false,
        "reportFilename": "[name]_[status]_[datetime]--report",
        "saveHtml": true,
        "saveJson": true,
        "consoleReporter": "spec",
        "useInlineDiffs": false,
        "code": true
      },
      "version": "7.1.3"
    },
    "marge": {
      "options": {
        "reportDir": "cypress/report",
        "reportFilename": "[name]_[status]_[datetime]--report",
        "overwrite": false,
        "html": true,
        "json": true,
        "timestamp": "ddmmyyyy_HHMMss"
      },
      "version": "6.2.0"
    }
  }
}