{
  "stats": {
    "suites": 1,
    "tests": 1,
    "passes": 1,
    "pending": 0,
    "failures": 0,
    "start": "2024-06-04T17:00:09.587Z",
    "end": "2024-06-04T17:00:15.033Z",
    "duration": 5446,
    "testsRegistered": 1,
    "passPercent": 100,
    "pendingPercent": 0,
    "other": 0,
    "hasOther": false,
    "skipped": 0,
    "hasSkipped": false
  },
  "results": [
    {
      "uuid": "1f5b7505-e580-40a5-8c2b-baed08a4395d",
      "title": "",
      "fullFile": "cypress\\e2e\\cadastro-correto.cy.js",
      "file": "cypress\\e2e\\cadastro-correto.cy.js",
      "beforeHooks": [],
      "afterHooks": [],
      "tests": [],
      "suites": [
        {
          "uuid": "6b34e906-25cd-4bbd-8c4d-9e64513fb264",
          "title": "Página de cadastro",
          "fullFile": "",
          "file": "",
          "beforeHooks": [],
          "afterHooks": [],
          "tests": [
            {
              "title": "Deve preencher os campos do cadastro corretamente e clicar no botão cadastrar",
              "fullTitle": "Página de cadastro Deve preencher os campos do cadastro corretamente e clicar no botão cadastrar",
              "timedOut": null,
              "duration": 3057,
              "state": "passed",
              "speed": "fast",
              "pass": true,
              "fail": false,
              "pending": false,
              "context": null,
              "code": "cy.cadastrar('Raphael Baqueta', 'teste38@teste.com', 'Senha123');",
              "err": {},
              "uuid": "10208586-d061-4ee7-8584-385b4437a9d0",
              "parentUUID": "6b34e906-25cd-4bbd-8c4d-9e64513fb264",
              "isHook": false,
              "skipped": false
            }
          ],
          "suites": [],
          "passes": [
            "10208586-d061-4ee7-8584-385b4437a9d0"
          ],
          "failures": [],
          "pending": [],
          "skipped": [],
          "duration": 3057,
          "root": false,
          "rootEmpty": false,
          "_timeout": 2000
        }
      ],
      "passes": [],
      "failures": [],
      "pending": [],
      "skipped": [],
      "duration": 0,
      "root": true,
      "rootEmpty": true,
      "_timeout": 2000
    }
  ],
  "meta": {
    "mocha": {
      "version": "7.0.1"
    },
    "mochawesome": {
      "options": {
        "quiet": false,
        "reportFilename": "[name]_[status]_[datetime]--report",
        "saveHtml": false,
        "saveJson": true,
        "consoleReporter": "spec",
        "useInlineDiffs": false,
        "code": true
      },
      "version": "7.1.3"
    },
    "marge": {
      "options": {
        "reportDir": "cypress/report",
        "reportFilename": "[name]_[status]_[datetime]--report",
        "overwrite": false,
        "html": false,
        "json": true,
        "timestamp": "ddmmyyyy_HHMMss"
      },
      "version": "6.2.0"
    }
  }
}