{
  "stats": {
    "suites": 1,
    "tests": 1,
    "passes": 1,
    "pending": 0,
    "failures": 0,
    "start": "2024-06-04T16:37:56.747Z",
    "end": "2024-06-04T16:38:02.284Z",
    "duration": 5537,
    "testsRegistered": 1,
    "passPercent": 100,
    "pendingPercent": 0,
    "other": 0,
    "hasOther": false,
    "skipped": 0,
    "hasSkipped": false
  },
  "results": [
    {
      "uuid": "29b1cd6a-777f-4b8d-9c84-4bbad0b7f584",
      "title": "",
      "fullFile": "cypress\\e2e\\cadastro-correto.cy.js",
      "file": "cypress\\e2e\\cadastro-correto.cy.js",
      "beforeHooks": [],
      "afterHooks": [],
      "tests": [],
      "suites": [
        {
          "uuid": "86505ed6-1c68-484c-8fcc-a8c264367888",
          "title": "Página de cadastro",
          "fullFile": "",
          "file": "",
          "beforeHooks": [],
          "afterHooks": [],
          "tests": [
            {
              "title": "Deve preencher os campos do cadastro corretamente e clicar no botão cadastrar",
              "fullTitle": "Página de cadastro Deve preencher os campos do cadastro corretamente e clicar no botão cadastrar",
              "timedOut": null,
              "duration": 3308,
              "state": "passed",
              "speed": "fast",
              "pass": true,
              "fail": false,
              "pending": false,
              "context": null,
              "code": "cy.cadastrar('Raphael Baqueta', 'teste38@teste.com', 'Senha123');",
              "err": {},
              "uuid": "d7bef115-df02-4513-b8e1-e33acf64283f",
              "parentUUID": "86505ed6-1c68-484c-8fcc-a8c264367888",
              "isHook": false,
              "skipped": false
            }
          ],
          "suites": [],
          "passes": [
            "d7bef115-df02-4513-b8e1-e33acf64283f"
          ],
          "failures": [],
          "pending": [],
          "skipped": [],
          "duration": 3308,
          "root": false,
          "rootEmpty": false,
          "_timeout": 2000
        }
      ],
      "passes": [],
      "failures": [],
      "pending": [],
      "skipped": [],
      "duration": 0,
      "root": true,
      "rootEmpty": true,
      "_timeout": 2000
    }
  ],
  "meta": {
    "mocha": {
      "version": "7.0.1"
    },
    "mochawesome": {
      "options": {
        "quiet": false,
        "reportFilename": "[name]_[status]_[datetime]--report",
        "saveHtml": false,
        "saveJson": true,
        "consoleReporter": "spec",
        "useInlineDiffs": false,
        "code": true
      },
      "version": "7.1.3"
    },
    "marge": {
      "options": {
        "reportDir": "cypress/report",
        "reportFilename": "[name]_[status]_[datetime]--report",
        "overwrite": false,
        "html": false,
        "json": true,
        "timestamp": "ddmmyyyy_HHMMss"
      },
      "version": "6.2.0"
    }
  }
}