{
  "stats": {
    "suites": 1,
    "tests": 6,
    "passes": 6,
    "pending": 0,
    "failures": 0,
    "start": "2024-06-08T18:21:28.287Z",
    "end": "2024-06-08T18:21:49.830Z",
    "duration": 21543,
    "testsRegistered": 6,
    "passPercent": 100,
    "pendingPercent": 0,
    "other": 0,
    "hasOther": false,
    "skipped": 0,
    "hasSkipped": false
  },
  "results": [
    {
      "uuid": "f1d102c1-0b46-4c89-93da-ca7a79ea6c2c",
      "title": "",
      "fullFile": "cypress\\e2e\\cadasto-massa.cy.js",
      "file": "cypress\\e2e\\cadasto-massa.cy.js",
      "beforeHooks": [],
      "afterHooks": [],
      "tests": [],
      "suites": [
        {
          "uuid": "5bdefe93-fcab-489d-ab71-ae81f2c50d32",
          "title": "Página de cadastro",
          "fullFile": "",
          "file": "",
          "beforeHooks": [],
          "afterHooks": [],
          "tests": [
            {
              "title": "Deve preencher os campos do formulário corretamente para cadastrar um novo usuário",
              "fullTitle": "Página de cadastro Deve preencher os campos do formulário corretamente para cadastrar um novo usuário",
              "timedOut": null,
              "duration": 4257,
              "state": "passed",
              "speed": "fast",
              "pass": true,
              "fail": false,
              "pending": false,
              "context": null,
              "code": "cy.get('[data-test=\"input-name\"]').clear().type(usuario.name);\ncy.get('[data-test=\"input-email\"]').clear().type(usuario.email);\ncy.get('[data-test=\"input-password\"]').clear().type(usuario.password);\ncy.get('[data-test=\"input-confirm-password\"]').clear().type(usuario.password);\ncy.get('[data-test=\"submit-button\"]').click();",
              "err": {},
              "uuid": "58b58661-7067-483d-8131-be28140d9aa2",
              "parentUUID": "5bdefe93-fcab-489d-ab71-ae81f2c50d32",
              "isHook": false,
              "skipped": false
            },
            {
              "title": "Deve preencher os campos do formulário corretamente para cadastrar um novo usuário",
              "fullTitle": "Página de cadastro Deve preencher os campos do formulário corretamente para cadastrar um novo usuário",
              "timedOut": null,
              "duration": 3241,
              "state": "passed",
              "speed": "fast",
              "pass": true,
              "fail": false,
              "pending": false,
              "context": null,
              "code": "cy.get('[data-test=\"input-name\"]').clear().type(usuario.name);\ncy.get('[data-test=\"input-email\"]').clear().type(usuario.email);\ncy.get('[data-test=\"input-password\"]').clear().type(usuario.password);\ncy.get('[data-test=\"input-confirm-password\"]').clear().type(usuario.password);\ncy.get('[data-test=\"submit-button\"]').click();",
              "err": {},
              "uuid": "e6bbe3f7-8357-4382-8663-0e61a0202ce8",
              "parentUUID": "5bdefe93-fcab-489d-ab71-ae81f2c50d32",
              "isHook": false,
              "skipped": false
            },
            {
              "title": "Deve preencher os campos do formulário corretamente para cadastrar um novo usuário",
              "fullTitle": "Página de cadastro Deve preencher os campos do formulário corretamente para cadastrar um novo usuário",
              "timedOut": null,
              "duration": 2956,
              "state": "passed",
              "speed": "fast",
              "pass": true,
              "fail": false,
              "pending": false,
              "context": null,
              "code": "cy.get('[data-test=\"input-name\"]').clear().type(usuario.name);\ncy.get('[data-test=\"input-email\"]').clear().type(usuario.email);\ncy.get('[data-test=\"input-password\"]').clear().type(usuario.password);\ncy.get('[data-test=\"input-confirm-password\"]').clear().type(usuario.password);\ncy.get('[data-test=\"submit-button\"]').click();",
              "err": {},
              "uuid": "c88529bd-fd1b-4ce0-b727-e6b096d167ef",
              "parentUUID": "5bdefe93-fcab-489d-ab71-ae81f2c50d32",
              "isHook": false,
              "skipped": false
            },
            {
              "title": "Deve preencher os campos do formulário corretamente para cadastrar um novo usuário",
              "fullTitle": "Página de cadastro Deve preencher os campos do formulário corretamente para cadastrar um novo usuário",
              "timedOut": null,
              "duration": 2956,
              "state": "passed",
              "speed": "fast",
              "pass": true,
              "fail": false,
              "pending": false,
              "context": null,
              "code": "cy.get('[data-test=\"input-name\"]').clear().type(usuario.name);\ncy.get('[data-test=\"input-email\"]').clear().type(usuario.email);\ncy.get('[data-test=\"input-password\"]').clear().type(usuario.password);\ncy.get('[data-test=\"input-confirm-password\"]').clear().type(usuario.password);\ncy.get('[data-test=\"submit-button\"]').click();",
              "err": {},
              "uuid": "138316c9-b197-4874-b842-03070bceb350",
              "parentUUID": "5bdefe93-fcab-489d-ab71-ae81f2c50d32",
              "isHook": false,
              "skipped": false
            },
            {
              "title": "Deve preencher os campos do formulário corretamente para cadastrar um novo usuário",
              "fullTitle": "Página de cadastro Deve preencher os campos do formulário corretamente para cadastrar um novo usuário",
              "timedOut": null,
              "duration": 3002,
              "state": "passed",
              "speed": "fast",
              "pass": true,
              "fail": false,
              "pending": false,
              "context": null,
              "code": "cy.get('[data-test=\"input-name\"]').clear().type(usuario.name);\ncy.get('[data-test=\"input-email\"]').clear().type(usuario.email);\ncy.get('[data-test=\"input-password\"]').clear().type(usuario.password);\ncy.get('[data-test=\"input-confirm-password\"]').clear().type(usuario.password);\ncy.get('[data-test=\"submit-button\"]').click();",
              "err": {},
              "uuid": "ff5d763a-1207-45c5-a914-d033c1d9b404",
              "parentUUID": "5bdefe93-fcab-489d-ab71-ae81f2c50d32",
              "isHook": false,
              "skipped": false
            },
            {
              "title": "Deve preencher os campos do formulário corretamente para cadastrar um novo usuário",
              "fullTitle": "Página de cadastro Deve preencher os campos do formulário corretamente para cadastrar um novo usuário",
              "timedOut": null,
              "duration": 2717,
              "state": "passed",
              "speed": "fast",
              "pass": true,
              "fail": false,
              "pending": false,
              "context": null,
              "code": "cy.get('[data-test=\"input-name\"]').clear().type(usuario.name);\ncy.get('[data-test=\"input-email\"]').clear().type(usuario.email);\ncy.get('[data-test=\"input-password\"]').clear().type(usuario.password);\ncy.get('[data-test=\"input-confirm-password\"]').clear().type(usuario.password);\ncy.get('[data-test=\"submit-button\"]').click();",
              "err": {},
              "uuid": "87b64727-5848-49f1-bafb-624c38874dd3",
              "parentUUID": "5bdefe93-fcab-489d-ab71-ae81f2c50d32",
              "isHook": false,
              "skipped": false
            }
          ],
          "suites": [],
          "passes": [
            "58b58661-7067-483d-8131-be28140d9aa2",
            "e6bbe3f7-8357-4382-8663-0e61a0202ce8",
            "c88529bd-fd1b-4ce0-b727-e6b096d167ef",
            "138316c9-b197-4874-b842-03070bceb350",
            "ff5d763a-1207-45c5-a914-d033c1d9b404",
            "87b64727-5848-49f1-bafb-624c38874dd3"
          ],
          "failures": [],
          "pending": [],
          "skipped": [],
          "duration": 19129,
          "root": false,
          "rootEmpty": false,
          "_timeout": 2000
        }
      ],
      "passes": [],
      "failures": [],
      "pending": [],
      "skipped": [],
      "duration": 0,
      "root": true,
      "rootEmpty": true,
      "_timeout": 2000
    }
  ],
  "meta": {
    "mocha": {
      "version": "7.0.1"
    },
    "mochawesome": {
      "options": {
        "quiet": false,
        "reportFilename": "[name]_[status]_[datetime]--report",
        "saveHtml": true,
        "saveJson": true,
        "consoleReporter": "spec",
        "useInlineDiffs": false,
        "code": true
      },
      "version": "7.1.3"
    },
    "marge": {
      "options": {
        "reportDir": "cypress/report",
        "reportFilename": "[name]_[status]_[datetime]--report",
        "overwrite": false,
        "html": true,
        "json": true,
        "timestamp": "ddmmyyyy_HHMMss"
      },
      "version": "6.2.0"
    }
  }
}