{
  "stats": {
    "suites": 1,
    "tests": 6,
    "passes": 6,
    "pending": 0,
    "failures": 0,
    "start": "2024-06-08T19:18:36.465Z",
    "end": "2024-06-08T19:18:57.888Z",
    "duration": 21423,
    "testsRegistered": 6,
    "passPercent": 100,
    "pendingPercent": 0,
    "other": 0,
    "hasOther": false,
    "skipped": 0,
    "hasSkipped": false
  },
  "results": [
    {
      "uuid": "29cc32b0-13f6-4b1e-af62-7b3331da1727",
      "title": "",
      "fullFile": "cypress\\e2e\\cadasto-massa.cy.js",
      "file": "cypress\\e2e\\cadasto-massa.cy.js",
      "beforeHooks": [],
      "afterHooks": [],
      "tests": [],
      "suites": [
        {
          "uuid": "96a71dfb-520e-4f14-9552-9b8d66b3e219",
          "title": "Página de cadastro",
          "fullFile": "",
          "file": "",
          "beforeHooks": [],
          "afterHooks": [],
          "tests": [
            {
              "title": "Deve preencher os campos do formulário corretamente para cadastrar um novo usuário",
              "fullTitle": "Página de cadastro Deve preencher os campos do formulário corretamente para cadastrar um novo usuário",
              "timedOut": null,
              "duration": 3944,
              "state": "passed",
              "speed": "fast",
              "pass": true,
              "fail": false,
              "pending": false,
              "context": null,
              "code": "cy.get('[data-test=\"input-name\"]').clear().type(usuario.name);\ncy.get('[data-test=\"input-email\"]').clear().type(usuario.email);\ncy.get('[data-test=\"input-password\"]').clear().type(usuario.password);\ncy.get('[data-test=\"input-confirm-password\"]').clear().type(usuario.password);\ncy.get('[data-test=\"submit-button\"]').click();",
              "err": {},
              "uuid": "fa795846-f982-49d8-99ab-5fb7f0c1534e",
              "parentUUID": "96a71dfb-520e-4f14-9552-9b8d66b3e219",
              "isHook": false,
              "skipped": false
            },
            {
              "title": "Deve preencher os campos do formulário corretamente para cadastrar um novo usuário",
              "fullTitle": "Página de cadastro Deve preencher os campos do formulário corretamente para cadastrar um novo usuário",
              "timedOut": null,
              "duration": 3169,
              "state": "passed",
              "speed": "fast",
              "pass": true,
              "fail": false,
              "pending": false,
              "context": null,
              "code": "cy.get('[data-test=\"input-name\"]').clear().type(usuario.name);\ncy.get('[data-test=\"input-email\"]').clear().type(usuario.email);\ncy.get('[data-test=\"input-password\"]').clear().type(usuario.password);\ncy.get('[data-test=\"input-confirm-password\"]').clear().type(usuario.password);\ncy.get('[data-test=\"submit-button\"]').click();",
              "err": {},
              "uuid": "76432d3b-f81d-47da-9bf7-45c7ce9b86ef",
              "parentUUID": "96a71dfb-520e-4f14-9552-9b8d66b3e219",
              "isHook": false,
              "skipped": false
            },
            {
              "title": "Deve preencher os campos do formulário corretamente para cadastrar um novo usuário",
              "fullTitle": "Página de cadastro Deve preencher os campos do formulário corretamente para cadastrar um novo usuário",
              "timedOut": null,
              "duration": 3078,
              "state": "passed",
              "speed": "fast",
              "pass": true,
              "fail": false,
              "pending": false,
              "context": null,
              "code": "cy.get('[data-test=\"input-name\"]').clear().type(usuario.name);\ncy.get('[data-test=\"input-email\"]').clear().type(usuario.email);\ncy.get('[data-test=\"input-password\"]').clear().type(usuario.password);\ncy.get('[data-test=\"input-confirm-password\"]').clear().type(usuario.password);\ncy.get('[data-test=\"submit-button\"]').click();",
              "err": {},
              "uuid": "ff8eb4e6-4394-41fe-bb0e-c39035323e9d",
              "parentUUID": "96a71dfb-520e-4f14-9552-9b8d66b3e219",
              "isHook": false,
              "skipped": false
            },
            {
              "title": "Deve preencher os campos do formulário corretamente para cadastrar um novo usuário",
              "fullTitle": "Página de cadastro Deve preencher os campos do formulário corretamente para cadastrar um novo usuário",
              "timedOut": null,
              "duration": 2899,
              "state": "passed",
              "speed": "fast",
              "pass": true,
              "fail": false,
              "pending": false,
              "context": null,
              "code": "cy.get('[data-test=\"input-name\"]').clear().type(usuario.name);\ncy.get('[data-test=\"input-email\"]').clear().type(usuario.email);\ncy.get('[data-test=\"input-password\"]').clear().type(usuario.password);\ncy.get('[data-test=\"input-confirm-password\"]').clear().type(usuario.password);\ncy.get('[data-test=\"submit-button\"]').click();",
              "err": {},
              "uuid": "dc4fb2dd-4988-4460-93cd-6bc9c1715fa7",
              "parentUUID": "96a71dfb-520e-4f14-9552-9b8d66b3e219",
              "isHook": false,
              "skipped": false
            },
            {
              "title": "Deve preencher os campos do formulário corretamente para cadastrar um novo usuário",
              "fullTitle": "Página de cadastro Deve preencher os campos do formulário corretamente para cadastrar um novo usuário",
              "timedOut": null,
              "duration": 2856,
              "state": "passed",
              "speed": "fast",
              "pass": true,
              "fail": false,
              "pending": false,
              "context": null,
              "code": "cy.get('[data-test=\"input-name\"]').clear().type(usuario.name);\ncy.get('[data-test=\"input-email\"]').clear().type(usuario.email);\ncy.get('[data-test=\"input-password\"]').clear().type(usuario.password);\ncy.get('[data-test=\"input-confirm-password\"]').clear().type(usuario.password);\ncy.get('[data-test=\"submit-button\"]').click();",
              "err": {},
              "uuid": "e7d49e1a-f04c-4810-bfb4-46d7c9ed98c0",
              "parentUUID": "96a71dfb-520e-4f14-9552-9b8d66b3e219",
              "isHook": false,
              "skipped": false
            },
            {
              "title": "Deve preencher os campos do formulário corretamente para cadastrar um novo usuário",
              "fullTitle": "Página de cadastro Deve preencher os campos do formulário corretamente para cadastrar um novo usuário",
              "timedOut": null,
              "duration": 3374,
              "state": "passed",
              "speed": "fast",
              "pass": true,
              "fail": false,
              "pending": false,
              "context": null,
              "code": "cy.get('[data-test=\"input-name\"]').clear().type(usuario.name);\ncy.get('[data-test=\"input-email\"]').clear().type(usuario.email);\ncy.get('[data-test=\"input-password\"]').clear().type(usuario.password);\ncy.get('[data-test=\"input-confirm-password\"]').clear().type(usuario.password);\ncy.get('[data-test=\"submit-button\"]').click();",
              "err": {},
              "uuid": "c8c30dd0-c938-4f1d-aea5-d699a09ae554",
              "parentUUID": "96a71dfb-520e-4f14-9552-9b8d66b3e219",
              "isHook": false,
              "skipped": false
            }
          ],
          "suites": [],
          "passes": [
            "fa795846-f982-49d8-99ab-5fb7f0c1534e",
            "76432d3b-f81d-47da-9bf7-45c7ce9b86ef",
            "ff8eb4e6-4394-41fe-bb0e-c39035323e9d",
            "dc4fb2dd-4988-4460-93cd-6bc9c1715fa7",
            "e7d49e1a-f04c-4810-bfb4-46d7c9ed98c0",
            "c8c30dd0-c938-4f1d-aea5-d699a09ae554"
          ],
          "failures": [],
          "pending": [],
          "skipped": [],
          "duration": 19320,
          "root": false,
          "rootEmpty": false,
          "_timeout": 2000
        }
      ],
      "passes": [],
      "failures": [],
      "pending": [],
      "skipped": [],
      "duration": 0,
      "root": true,
      "rootEmpty": true,
      "_timeout": 2000
    }
  ],
  "meta": {
    "mocha": {
      "version": "7.0.1"
    },
    "mochawesome": {
      "options": {
        "quiet": false,
        "reportFilename": "[name]_[status]_[datetime]--report",
        "saveHtml": true,
        "saveJson": true,
        "consoleReporter": "spec",
        "useInlineDiffs": false,
        "code": true
      },
      "version": "7.1.3"
    },
    "marge": {
      "options": {
        "reportDir": "cypress/report",
        "reportFilename": "[name]_[status]_[datetime]--report",
        "overwrite": false,
        "html": true,
        "json": true,
        "timestamp": "ddmmyyyy_HHMMss"
      },
      "version": "6.2.0"
    }
  }
}