{
  "stats": {
    "suites": 1,
    "tests": 2,
    "passes": 2,
    "pending": 0,
    "failures": 0,
    "start": "2024-06-04T17:00:37.144Z",
    "end": "2024-06-04T17:00:43.814Z",
    "duration": 6670,
    "testsRegistered": 2,
    "passPercent": 100,
    "pendingPercent": 0,
    "other": 0,
    "hasOther": false,
    "skipped": 0,
    "hasSkipped": false
  },
  "results": [
    {
      "uuid": "49156a24-d948-4426-9b12-810020be33df",
      "title": "",
      "fullFile": "cypress\\e2e\\login-incorreto.cy.js",
      "file": "cypress\\e2e\\login-incorreto.cy.js",
      "beforeHooks": [],
      "afterHooks": [],
      "tests": [],
      "suites": [
        {
          "uuid": "e23a78d3-a8a6-4ff2-bd7e-c0ac4953e625",
          "title": "Página de login",
          "fullFile": "",
          "file": "",
          "beforeHooks": [],
          "afterHooks": [],
          "tests": [
            {
              "title": "Verifica mensagem de falha no login",
              "fullTitle": "Página de login Verifica mensagem de falha no login",
              "timedOut": null,
              "duration": 2069,
              "state": "passed",
              "speed": "fast",
              "pass": true,
              "fail": false,
              "pending": false,
              "context": null,
              "code": "cy.login('teste38', '123');\ncy.contains('Por favor, verifique o email digitado').should('be.visible');\ncy.contains('A senha deve conter pelo menos uma letra maiúscula, um número e ter entre 6 e 15 caracteres').should('be.visible');",
              "err": {},
              "uuid": "42da68bb-5ea9-4362-949d-97ab763f1229",
              "parentUUID": "e23a78d3-a8a6-4ff2-bd7e-c0ac4953e625",
              "isHook": false,
              "skipped": false
            },
            {
              "title": "Deve falhar mesmo que os campos sejam preenchidos corretamente",
              "fullTitle": "Página de login Deve falhar mesmo que os campos sejam preenchidos corretamente",
              "timedOut": null,
              "duration": 2271,
              "state": "passed",
              "speed": "fast",
              "pass": true,
              "fail": false,
              "pending": false,
              "context": null,
              "code": "cy.login('teste38@teste.com', 'Senha123');\ncy.wait('@stubPost');\ncy.contains('Falha no login. Consulte suas credenciais.').should('be.visible');",
              "err": {},
              "uuid": "b5a90a07-49f7-4c82-80f5-86cfa3ce8b43",
              "parentUUID": "e23a78d3-a8a6-4ff2-bd7e-c0ac4953e625",
              "isHook": false,
              "skipped": false
            }
          ],
          "suites": [],
          "passes": [
            "42da68bb-5ea9-4362-949d-97ab763f1229",
            "b5a90a07-49f7-4c82-80f5-86cfa3ce8b43"
          ],
          "failures": [],
          "pending": [],
          "skipped": [],
          "duration": 4340,
          "root": false,
          "rootEmpty": false,
          "_timeout": 2000
        }
      ],
      "passes": [],
      "failures": [],
      "pending": [],
      "skipped": [],
      "duration": 0,
      "root": true,
      "rootEmpty": true,
      "_timeout": 2000
    }
  ],
  "meta": {
    "mocha": {
      "version": "7.0.1"
    },
    "mochawesome": {
      "options": {
        "quiet": false,
        "reportFilename": "[name]_[status]_[datetime]--report",
        "saveHtml": false,
        "saveJson": true,
        "consoleReporter": "spec",
        "useInlineDiffs": false,
        "code": true
      },
      "version": "7.1.3"
    },
    "marge": {
      "options": {
        "reportDir": "cypress/report",
        "reportFilename": "[name]_[status]_[datetime]--report",
        "overwrite": false,
        "html": false,
        "json": true,
        "timestamp": "ddmmyyyy_HHMMss"
      },
      "version": "6.2.0"
    }
  }
}