{
  "stats": {
    "suites": 1,
    "tests": 1,
    "passes": 1,
    "pending": 0,
    "failures": 0,
    "start": "2024-06-04T17:00:27.239Z",
    "end": "2024-06-04T17:00:32.343Z",
    "duration": 5104,
    "testsRegistered": 1,
    "passPercent": 100,
    "pendingPercent": 0,
    "other": 0,
    "hasOther": false,
    "skipped": 0,
    "hasSkipped": false
  },
  "results": [
    {
      "uuid": "91a48f5e-12f6-456d-87d7-aed82fd1d8bd",
      "title": "",
      "fullFile": "cypress\\e2e\\login-correto.cy.js",
      "file": "cypress\\e2e\\login-correto.cy.js",
      "beforeHooks": [],
      "afterHooks": [],
      "tests": [],
      "suites": [
        {
          "uuid": "1def48ec-1856-4ca3-9515-ff06e9eb0318",
          "title": "Página de login",
          "fullFile": "",
          "file": "",
          "beforeHooks": [],
          "afterHooks": [],
          "tests": [
            {
              "title": "Deve preencher os campos do login corretamente e autenticar o usuário na página",
              "fullTitle": "Página de login Deve preencher os campos do login corretamente e autenticar o usuário na página",
              "timedOut": null,
              "duration": 2839,
              "state": "passed",
              "speed": "fast",
              "pass": true,
              "fail": false,
              "pending": false,
              "context": null,
              "code": "cy.login('teste38@teste.com', 'Senha123');",
              "err": {},
              "uuid": "cb3f5c07-5d29-487d-98ea-ad214247034a",
              "parentUUID": "1def48ec-1856-4ca3-9515-ff06e9eb0318",
              "isHook": false,
              "skipped": false
            }
          ],
          "suites": [],
          "passes": [
            "cb3f5c07-5d29-487d-98ea-ad214247034a"
          ],
          "failures": [],
          "pending": [],
          "skipped": [],
          "duration": 2839,
          "root": false,
          "rootEmpty": false,
          "_timeout": 2000
        }
      ],
      "passes": [],
      "failures": [],
      "pending": [],
      "skipped": [],
      "duration": 0,
      "root": true,
      "rootEmpty": true,
      "_timeout": 2000
    }
  ],
  "meta": {
    "mocha": {
      "version": "7.0.1"
    },
    "mochawesome": {
      "options": {
        "quiet": false,
        "reportFilename": "[name]_[status]_[datetime]--report",
        "saveHtml": false,
        "saveJson": true,
        "consoleReporter": "spec",
        "useInlineDiffs": false,
        "code": true
      },
      "version": "7.1.3"
    },
    "marge": {
      "options": {
        "reportDir": "cypress/report",
        "reportFilename": "[name]_[status]_[datetime]--report",
        "overwrite": false,
        "html": false,
        "json": true,
        "timestamp": "ddmmyyyy_HHMMss"
      },
      "version": "6.2.0"
    }
  }
}