{
  "stats": {
    "suites": 1,
    "tests": 2,
    "passes": 2,
    "pending": 0,
    "failures": 0,
    "start": "2024-06-04T16:38:23.382Z",
    "end": "2024-06-04T16:38:29.757Z",
    "duration": 6375,
    "testsRegistered": 2,
    "passPercent": 100,
    "pendingPercent": 0,
    "other": 0,
    "hasOther": false,
    "skipped": 0,
    "hasSkipped": false
  },
  "results": [
    {
      "uuid": "b3085abb-5e76-4f95-bf3d-30b63d69c8a6",
      "title": "",
      "fullFile": "cypress\\e2e\\login-incorreto.cy.js",
      "file": "cypress\\e2e\\login-incorreto.cy.js",
      "beforeHooks": [],
      "afterHooks": [],
      "tests": [],
      "suites": [
        {
          "uuid": "dac375b5-78c4-4852-a213-6d3f36c724a1",
          "title": "Página de login",
          "fullFile": "",
          "file": "",
          "beforeHooks": [],
          "afterHooks": [],
          "tests": [
            {
              "title": "Verifica mensagem de falha no login",
              "fullTitle": "Página de login Verifica mensagem de falha no login",
              "timedOut": null,
              "duration": 2275,
              "state": "passed",
              "speed": "fast",
              "pass": true,
              "fail": false,
              "pending": false,
              "context": null,
              "code": "cy.login('teste38', '123');\ncy.contains('Por favor, verifique o email digitado').should('be.visible');\ncy.contains('A senha deve conter pelo menos uma letra maiúscula, um número e ter entre 6 e 15 caracteres').should('be.visible');",
              "err": {},
              "uuid": "0b85dc0a-5894-42a0-8bac-366d2467863a",
              "parentUUID": "dac375b5-78c4-4852-a213-6d3f36c724a1",
              "isHook": false,
              "skipped": false
            },
            {
              "title": "Deve falhar mesmo que os campos sejam preenchidos corretamente",
              "fullTitle": "Página de login Deve falhar mesmo que os campos sejam preenchidos corretamente",
              "timedOut": null,
              "duration": 1843,
              "state": "passed",
              "speed": "fast",
              "pass": true,
              "fail": false,
              "pending": false,
              "context": null,
              "code": "cy.login('teste38@teste.com', 'Senha123');\ncy.wait('@stubPost');\ncy.contains('Falha no login. Consulte suas credenciais.').should('be.visible');",
              "err": {},
              "uuid": "bb35cd6f-6664-4f6e-8121-2d36df12c34a",
              "parentUUID": "dac375b5-78c4-4852-a213-6d3f36c724a1",
              "isHook": false,
              "skipped": false
            }
          ],
          "suites": [],
          "passes": [
            "0b85dc0a-5894-42a0-8bac-366d2467863a",
            "bb35cd6f-6664-4f6e-8121-2d36df12c34a"
          ],
          "failures": [],
          "pending": [],
          "skipped": [],
          "duration": 4118,
          "root": false,
          "rootEmpty": false,
          "_timeout": 2000
        }
      ],
      "passes": [],
      "failures": [],
      "pending": [],
      "skipped": [],
      "duration": 0,
      "root": true,
      "rootEmpty": true,
      "_timeout": 2000
    }
  ],
  "meta": {
    "mocha": {
      "version": "7.0.1"
    },
    "mochawesome": {
      "options": {
        "quiet": false,
        "reportFilename": "[name]_[status]_[datetime]--report",
        "saveHtml": false,
        "saveJson": true,
        "consoleReporter": "spec",
        "useInlineDiffs": false,
        "code": true
      },
      "version": "7.1.3"
    },
    "marge": {
      "options": {
        "reportDir": "cypress/report",
        "reportFilename": "[name]_[status]_[datetime]--report",
        "overwrite": false,
        "html": false,
        "json": true,
        "timestamp": "ddmmyyyy_HHMMss"
      },
      "version": "6.2.0"
    }
  }
}