{
  "stats": {
    "suites": 1,
    "tests": 2,
    "passes": 2,
    "pending": 0,
    "failures": 0,
    "start": "2024-06-08T18:22:18.607Z",
    "end": "2024-06-08T18:22:24.781Z",
    "duration": 6174,
    "testsRegistered": 2,
    "passPercent": 100,
    "pendingPercent": 0,
    "other": 0,
    "hasOther": false,
    "skipped": 0,
    "hasSkipped": false
  },
  "results": [
    {
      "uuid": "67db2cdc-8eeb-4e33-950a-d39100c4ea3d",
      "title": "",
      "fullFile": "cypress\\e2e\\login-incorreto.cy.js",
      "file": "cypress\\e2e\\login-incorreto.cy.js",
      "beforeHooks": [],
      "afterHooks": [],
      "tests": [],
      "suites": [
        {
          "uuid": "e0ac7661-9730-4bb5-bc85-c72a992ff4f7",
          "title": "Pagina de login",
          "fullFile": "",
          "file": "",
          "beforeHooks": [],
          "afterHooks": [],
          "tests": [
            {
              "title": "Verifica mensagem de falha no login",
              "fullTitle": "Pagina de login Verifica mensagem de falha no login",
              "timedOut": null,
              "duration": 2370,
              "state": "passed",
              "speed": "fast",
              "pass": true,
              "fail": false,
              "pending": false,
              "context": null,
              "code": "cy.login('teste38', '123');\ncy.contains('Por favor, verifique o email digitado').should('be.visible');\ncy.contains('A senha deve conter pelo menos uma letra maiúscula, um número e ter entre 6 e 15 caracteres').should('be.visible');",
              "err": {},
              "uuid": "30704591-0b61-4c1b-83c8-3daf2ef57eaa",
              "parentUUID": "e0ac7661-9730-4bb5-bc85-c72a992ff4f7",
              "isHook": false,
              "skipped": false
            },
            {
              "title": "Deve falhar mesmo que os campos sejam preenchidos corretamente",
              "fullTitle": "Pagina de login Deve falhar mesmo que os campos sejam preenchidos corretamente",
              "timedOut": null,
              "duration": 1929,
              "state": "passed",
              "speed": "fast",
              "pass": true,
              "fail": false,
              "pending": false,
              "context": null,
              "code": "cy.login('teste38@teste.com', 'Senha123');\ncy.wait('@stubPost');\ncy.contains('Falha no login. Consulte suas credenciais.').should('be.visible');",
              "err": {},
              "uuid": "d39251cf-6797-4f4b-8443-672b6b992060",
              "parentUUID": "e0ac7661-9730-4bb5-bc85-c72a992ff4f7",
              "isHook": false,
              "skipped": false
            }
          ],
          "suites": [],
          "passes": [
            "30704591-0b61-4c1b-83c8-3daf2ef57eaa",
            "d39251cf-6797-4f4b-8443-672b6b992060"
          ],
          "failures": [],
          "pending": [],
          "skipped": [],
          "duration": 4299,
          "root": false,
          "rootEmpty": false,
          "_timeout": 2000
        }
      ],
      "passes": [],
      "failures": [],
      "pending": [],
      "skipped": [],
      "duration": 0,
      "root": true,
      "rootEmpty": true,
      "_timeout": 2000
    }
  ],
  "meta": {
    "mocha": {
      "version": "7.0.1"
    },
    "mochawesome": {
      "options": {
        "quiet": false,
        "reportFilename": "[name]_[status]_[datetime]--report",
        "saveHtml": true,
        "saveJson": true,
        "consoleReporter": "spec",
        "useInlineDiffs": false,
        "code": true
      },
      "version": "7.1.3"
    },
    "marge": {
      "options": {
        "reportDir": "cypress/report",
        "reportFilename": "[name]_[status]_[datetime]--report",
        "overwrite": false,
        "html": true,
        "json": true,
        "timestamp": "ddmmyyyy_HHMMss"
      },
      "version": "6.2.0"
    }
  }
}